\BOOKMARK [0][]{chapter.1}{\376\377\000I\000n\000t\000r\000o\000d\000u\000z\000i\000o\000n\000e}{}% 1
\BOOKMARK [1][]{section.1.1}{\376\377\000C\000o\000n\000t\000a\000t\000t\000i}{chapter.1}% 2
\BOOKMARK [1][]{section.1.2}{\376\377\000B\000i\000b\000l\000i\000o\000g\000r\000a\000f\000i\000a}{chapter.1}% 3
\BOOKMARK [1][]{section.1.3}{\376\377\000D\000e\000s\000c\000r\000i\000z\000i\000o\000n\000e\000\040\000d\000e\000l\000\040\000c\000o\000r\000s\000o}{chapter.1}% 4
\BOOKMARK [0][]{chapter.2}{\376\377\000C\000o\000n\000c\000o\000r\000r\000e\000n\000z\000a\000\040\000p\000e\000r\000f\000e\000t\000t\000a\000,\000\040\000m\000o\000n\000o\000p\000o\000l\000i\000o\000,\000\040\000p\000o\000t\000e\000r\000e\000\040\000e\000\040\000f\000a\000l\000l\000i\000m\000e\000n\000t\000i\000\040\000d\000i\000\040\000m\000e\000r\000c\000a\000t\000o}{}% 5
\BOOKMARK [1][]{section.2.1}{\376\377\000C\000o\000n\000c\000o\000r\000r\000e\000n\000z\000a\000\040\000p\000e\000r\000f\000e\000t\000t\000a}{chapter.2}% 6
\BOOKMARK [1][]{section.2.2}{\376\377\000D\000o\000m\000a\000n\000d\000a\000\040\000i\000n\000d\000i\000v\000i\000d\000u\000a\000l\000e\000:\000\040\000t\000e\000o\000r\000i\000a\000\040\000d\000e\000l\000\040\000c\000o\000n\000s\000u\000m\000a\000t\000o\000r\000e}{chapter.2}% 7
\BOOKMARK [2][]{subsection.2.2.1}{\376\377\000F\000u\000n\000z\000i\000o\000n\000e\000\040\000d\000i\000\040\000u\000t\000i\000l\000i\000t\000\340\000\040\000q\000u\000a\000s\000i\000-\000l\000i\000n\000e\000a\000r\000e}{section.2.2}% 8
\BOOKMARK [2][]{subsection.2.2.2}{\376\377\000S\000u\000r\000p\000l\000u\000s}{section.2.2}% 9
\BOOKMARK [1][]{section.2.3}{\376\377\000E\000c\000o\000n\000o\000m\000i\000a\000\040\000d\000e\000l\000\040\000B\000e\000n\000e\000s\000s\000e\000r\000e\000\040\000\050\000W\000e\000l\000f\000a\000r\000e\000\051}{chapter.2}% 10
\BOOKMARK [2][]{subsection.2.3.1}{\376\377\000A\000p\000p\000l\000i\000c\000a\000z\000i\000o\000n\000i\000\040\000i\000n\000\040\000c\000o\000n\000c\000o\000r\000r\000e\000n\000z\000a\000\040\000p\000e\000r\000f\000e\000t\000t\000a}{section.2.3}% 11
\BOOKMARK [2][]{subsection.2.3.2}{\376\377\000A\000p\000p\000l\000i\000c\000a\000z\000i\000o\000n\000e\000\040\000c\000o\000n\000\040\000f\000u\000n\000z\000i\000o\000n\000e\000\040\000d\000i\000\040\000W\000e\000l\000f\000a\000r\000e}{section.2.3}% 12
\BOOKMARK [2][]{subsection.2.3.3}{\376\377\000P\000r\000i\000m\000o\000\040\000t\000e\000o\000r\000e\000m\000a\000\040\000d\000e\000l\000l\000'\000e\000c\000o\000n\000o\000m\000i\000a\000\040\000d\000e\000l\000\040\000b\000e\000n\000e\000s\000s\000e\000r\000e}{section.2.3}% 13
\BOOKMARK [2][]{subsection.2.3.4}{\376\377\000E\000q\000u\000i\000t\000\341\000\040\000e\000d\000\040\000E\000f\000f\000i\000c\000i\000e\000n\000z\000a}{section.2.3}% 14
\BOOKMARK [2][]{subsection.2.3.5}{\376\377\000S\000e\000c\000o\000n\000d\000o\000\040\000t\000e\000o\000r\000e\000m\000a\000\040\000d\000e\000l\000l\000'\000e\000c\000o\000n\000o\000m\000i\000a\000\040\000d\000e\000l\000\040\000b\000e\000n\000e\000s\000s\000e\000r\000e}{section.2.3}% 15
\BOOKMARK [1][]{section.2.4}{\376\377\000F\000a\000l\000l\000i\000m\000e\000n\000t\000i\000\040\000d\000i\000\040\000m\000e\000r\000c\000a\000t\000o}{chapter.2}% 16
\BOOKMARK [1][]{section.2.5}{\376\377\000M\000o\000n\000o\000p\000o\000l\000i\000o}{chapter.2}% 17
\BOOKMARK [1][]{section.2.6}{\376\377\000P\000o\000t\000e\000r\000e\000\040\000d\000i\000\040\000m\000e\000r\000c\000a\000t\000o}{chapter.2}% 18
\BOOKMARK [2][]{subsection.2.6.1}{\376\377\000F\000o\000n\000t\000i\000\040\000d\000e\000l\000\040\000p\000o\000t\000e\000r\000e\000\040\000d\000i\000\040\000m\000e\000r\000c\000a\000t\000o}{section.2.6}% 19
\BOOKMARK [1][]{section.2.7}{\376\377\000C\000o\000s\000t\000i\000\040\000s\000o\000c\000i\000a\000l\000i\000\040\000d\000e\000l\000\040\000M\000o\000n\000o\000p\000o\000l\000i\000o}{chapter.2}% 20
\BOOKMARK [2][]{subsection.2.7.1}{\376\377\000B\000e\000n\000i\000\040\000d\000u\000r\000e\000v\000o\000l\000i}{section.2.7}% 21
\BOOKMARK [2][]{subsection.2.7.2}{\376\377\000C\000o\000n\000g\000e\000t\000t\000u\000r\000a\000\040\000d\000i\000\040\000C\000o\000a\000s\000e}{section.2.7}% 22
\BOOKMARK [2][]{subsection.2.7.3}{\376\377\000E\000c\000o\000n\000o\000m\000i\000a\000\040\000d\000i\000\040\000P\000a\000c\000m\000a\000n}{section.2.7}% 23
\BOOKMARK [1][]{section.2.8}{\376\377\000M\000o\000n\000o\000p\000o\000l\000i\000o\000\040\000N\000a\000t\000u\000r\000a\000l\000e}{chapter.2}% 24
\BOOKMARK [2][]{subsection.2.8.1}{\376\377\000C\000o\000n\000g\000e\000t\000t\000u\000r\000a\000\040\000d\000i\000\040\000H\000i\000c\000k}{section.2.8}% 25
\BOOKMARK [2][]{subsection.2.8.2}{\376\377\000E\000f\000f\000i\000c\000i\000e\000n\000z\000a\000\040\000d\000i\000n\000a\000m\000i\000c\000a\000:\000\040\000A\000r\000r\000o\000w\000\040\000v\000s\000\040\000S\000h\000u\000m\000p\000e\000t\000e\000r}{section.2.8}% 26
\BOOKMARK [2][]{subsection.2.8.3}{\376\377\000D\000e\000f\000i\000n\000i\000z\000i\000o\000n\000e\000\040\000d\000i\000\040\000m\000o\000n\000o\000p\000o\000l\000i\000o\000\040\000n\000a\000t\000u\000r\000a\000l\000e}{section.2.8}% 27
\BOOKMARK [2][]{subsection.2.8.4}{\376\377\000P\000r\000i\000c\000e\000\040\000C\000o\000n\000t\000r\000o\000l}{section.2.8}% 28
